<?xml version="1.0" encoding="UTF-8"?>
<!-- Generated by org.testng.reporters.JUnitReportReporter -->
<testsuite skipped="0" hostname="DESKTOP-BQPVJR4" name="testPackage.LoginTest" tests="2" failures="0" timestamp="26 Jul 2020 06:50:27 GMT" time="11.894" errors="0">
  <testcase name="Mediwarelogin" time="6.019" classname="testPackage.LoginTest"/>
  <testcase name="MediwareAppoinment" time="5.875" classname="testPackage.LoginTest"/>
</testsuite> <!-- testPackage.LoginTest -->
