<?xml version="1.0" encoding="UTF-8"?>
<!-- Generated by org.testng.reporters.JUnitReportReporter -->
<testsuite skipped="0" hostname="DESKTOP-BQPVJR4" name="testPackage.LoginTest" tests="2" failures="0" timestamp="25 Jul 2020 17:47:48 GMT" time="13.759" errors="0">
  <testcase name="Mediwarelogin" time="6.923" classname="testPackage.LoginTest"/>
  <testcase name="MediwareAppoinment" time="6.836" classname="testPackage.LoginTest"/>
</testsuite> <!-- testPackage.LoginTest -->
